\BOOKMARK [0][-]{Doc-Start}{摘  要}{}% 1
\BOOKMARK [0][-]{Doc-Start}{Abstract}{}% 2
\BOOKMARK [0][-]{chapter.1}{第一章  绪论}{}% 3
\BOOKMARK [1][-]{section.1.1}{1.1 研究背景与意义}{chapter.1}% 4
\BOOKMARK [1][-]{section.1.2}{1.2 研究发展现状}{chapter.1}% 5
\BOOKMARK [1][-]{section.1.3}{1.3 论文的主要工作和章节安排}{chapter.1}% 6
\BOOKMARK [0][-]{chapter.2}{第二章  手部解剖结构}{}% 7
\BOOKMARK [1][-]{section.2.1}{2.1 骨骼结构}{chapter.2}% 8
\BOOKMARK [1][-]{section.2.2}{2.2 手指间运动的约束性}{chapter.2}% 9
\BOOKMARK [1][-]{section.2.3}{2.3 本章小结}{chapter.2}% 10
\BOOKMARK [0][-]{chapter.3}{第三章  虚拟人手的自动纹理贴图}{}% 11
\BOOKMARK [1][-]{section.3.1}{3.1 3D人手模型的调整}{chapter.3}% 12
\BOOKMARK [1][-]{section.3.2}{3.2 正面图的调整}{chapter.3}% 13
\BOOKMARK [1][-]{section.3.3}{3.3 色彩传递}{chapter.3}% 14
\BOOKMARK [2][-]{subsection.3.3.1}{3.3.1 RGB颜色模型}{section.3.3}% 15
\BOOKMARK [2][-]{subsection.3.3.2}{3.3.2 l颜色模型}{section.3.3}% 16
\BOOKMARK [2][-]{subsection.3.3.3}{3.3.3 基于l颜色空间的色彩传递}{section.3.3}% 17
\BOOKMARK [1][-]{section.3.4}{3.4 正反面顶点分离}{chapter.3}% 18
\BOOKMARK [2][-]{subsection.3.4.1}{3.4.1 深度排序算法}{section.3.4}% 19
\BOOKMARK [2][-]{subsection.3.4.2}{3.4.2 深度缓存算法}{section.3.4}% 20
\BOOKMARK [2][-]{subsection.3.4.3}{3.4.3 光线跟踪算法}{section.3.4}% 21
\BOOKMARK [2][-]{subsection.3.4.4}{3.4.4 顶点分离}{section.3.4}% 22
\BOOKMARK [1][-]{section.3.5}{3.5 纹理映射}{chapter.3}% 23
\BOOKMARK [2][-]{subsection.3.5.1}{3.5.1 投影变换}{section.3.5}% 24
\BOOKMARK [2][-]{subsection.3.5.2}{3.5.2 视口变换}{section.3.5}% 25
\BOOKMARK [2][-]{subsection.3.5.3}{3.5.3 一般纹理贴图}{section.3.5}% 26
\BOOKMARK [2][-]{subsection.3.5.4}{3.5.4 对手贴纹理}{section.3.5}% 27
\BOOKMARK [1][-]{section.3.6}{3.6 接缝移除}{chapter.3}% 28
\BOOKMARK [2][-]{subsection.3.6.1}{3.6.1 平面着色}{section.3.6}% 29
\BOOKMARK [2][-]{subsection.3.6.2}{3.6.2 平滑着色}{section.3.6}% 30
\BOOKMARK [2][-]{subsection.3.6.3}{3.6.3 基于平滑着色去除接缝}{section.3.6}% 31
\BOOKMARK [1][-]{section.3.7}{3.7 本章小结}{chapter.3}% 32
\BOOKMARK [0][-]{chapter.4}{第四章  虚拟手的实时交互}{}% 33
\BOOKMARK [1][-]{section.4.1}{4.1 骨骼实现人机交互}{chapter.4}% 34
\BOOKMARK [1][-]{section.4.2}{4.2 实验结果与分析}{chapter.4}% 35
\BOOKMARK [1][-]{section.4.3}{4.3 本章小结}{chapter.4}% 36
\BOOKMARK [0][-]{chapter.5}{第五章  工作总结与展望}{}% 37
\BOOKMARK [1][-]{section.5.1}{5.1 论文工作总结}{chapter.5}% 38
\BOOKMARK [1][-]{section.5.2}{5.2 研究展望}{chapter.5}% 39
\BOOKMARK [0][-]{chapter*.2}{发表文章目录}{}% 40
\BOOKMARK [0][-]{chapter*.3}{致  谢}{}% 41
